f:\vscode\ncnn\ncnn_yolo\ncnn_yolo\x64\debug\vc120.pdb
f:\vscode\ncnn\ncnn_yolo\ncnn_yolo\x64\debug\vc120.idb
f:\vscode\ncnn\ncnn_yolo\ncnn_yolo\x64\debug\sigmoid.obj
f:\vscode\ncnn\ncnn_yolo\ncnn_yolo\x64\debug\slice.obj
f:\vscode\ncnn\ncnn_yolo\ncnn_yolo\x64\debug\softmax.obj
f:\vscode\ncnn\ncnn_yolo\ncnn_yolo\x64\debug\split.obj
f:\vscode\ncnn\ncnn_yolo\ncnn_yolo\x64\debug\spp.obj
f:\vscode\ncnn\ncnn_yolo\ncnn_yolo\x64\debug\squeeze.obj
f:\vscode\ncnn\ncnn_yolo\ncnn_yolo\x64\debug\tanh.obj
f:\vscode\ncnn\ncnn_yolo\ncnn_yolo\x64\debug\threshold.obj
f:\vscode\ncnn\ncnn_yolo\ncnn_yolo\x64\debug\tile.obj
f:\vscode\ncnn\ncnn_yolo\ncnn_yolo\x64\debug\unaryop.obj
f:\vscode\ncnn\ncnn_yolo\ncnn_yolo\x64\debug\yolodetectionoutput.obj
f:\vscode\ncnn\ncnn_yolo\ncnn_yolo\x64\debug\yolov3detectionoutput.obj
f:\vscode\ncnn\ncnn_yolo\ncnn_yolo\x64\debug\mat.obj
f:\vscode\ncnn\ncnn_yolo\ncnn_yolo\x64\debug\mat_pixel.obj
f:\vscode\ncnn\ncnn_yolo\ncnn_yolo\x64\debug\mat_pixel_resize.obj
f:\vscode\ncnn\ncnn_yolo\ncnn_yolo\x64\debug\modelbin.obj
f:\vscode\ncnn\ncnn_yolo\ncnn_yolo\x64\debug\net.obj
f:\vscode\ncnn\ncnn_yolo\ncnn_yolo\x64\debug\opencv.obj
f:\vscode\ncnn\ncnn_yolo\ncnn_yolo\x64\debug\paramdict.obj
f:\vscode\ncnn\ncnn_yolo\ncnn_yolo\x64\debug\yolov3.obj
f:\vscode\ncnn\ncnn_yolo\ncnn_yolo\x64\debug\mvn.obj
f:\vscode\ncnn\ncnn_yolo\ncnn_yolo\x64\debug\normalize.obj
f:\vscode\ncnn\ncnn_yolo\ncnn_yolo\x64\debug\padding.obj
f:\vscode\ncnn\ncnn_yolo\ncnn_yolo\x64\debug\permute.obj
f:\vscode\ncnn\ncnn_yolo\ncnn_yolo\x64\debug\pooling.obj
f:\vscode\ncnn\ncnn_yolo\ncnn_yolo\x64\debug\power.obj
f:\vscode\ncnn\ncnn_yolo\ncnn_yolo\x64\debug\prelu.obj
f:\vscode\ncnn\ncnn_yolo\ncnn_yolo\x64\debug\priorbox.obj
f:\vscode\ncnn\ncnn_yolo\ncnn_yolo\x64\debug\proposal.obj
f:\vscode\ncnn\ncnn_yolo\ncnn_yolo\x64\debug\psroipooling.obj
f:\vscode\ncnn\ncnn_yolo\ncnn_yolo\x64\debug\quantize.obj
f:\vscode\ncnn\ncnn_yolo\ncnn_yolo\x64\debug\reduction.obj
f:\vscode\ncnn\ncnn_yolo\ncnn_yolo\x64\debug\relu.obj
f:\vscode\ncnn\ncnn_yolo\ncnn_yolo\x64\debug\reorg.obj
f:\vscode\ncnn\ncnn_yolo\ncnn_yolo\x64\debug\reshape.obj
f:\vscode\ncnn\ncnn_yolo\ncnn_yolo\x64\debug\rnn.obj
f:\vscode\ncnn\ncnn_yolo\ncnn_yolo\x64\debug\roialign.obj
f:\vscode\ncnn\ncnn_yolo\ncnn_yolo\x64\debug\roipooling.obj
f:\vscode\ncnn\ncnn_yolo\ncnn_yolo\x64\debug\scale.obj
f:\vscode\ncnn\ncnn_yolo\ncnn_yolo\x64\debug\shufflechannel.obj
f:\vscode\ncnn\ncnn_yolo\ncnn_yolo\x64\debug\crop.obj
f:\vscode\ncnn\ncnn_yolo\ncnn_yolo\x64\debug\deconvolution.obj
f:\vscode\ncnn\ncnn_yolo\ncnn_yolo\x64\debug\deconvolutiondepthwise.obj
f:\vscode\ncnn\ncnn_yolo\ncnn_yolo\x64\debug\dequantize.obj
f:\vscode\ncnn\ncnn_yolo\ncnn_yolo\x64\debug\detectionoutput.obj
f:\vscode\ncnn\ncnn_yolo\ncnn_yolo\x64\debug\dropout.obj
f:\vscode\ncnn\ncnn_yolo\ncnn_yolo\x64\debug\eltwise.obj
f:\vscode\ncnn\ncnn_yolo\ncnn_yolo\x64\debug\elu.obj
f:\vscode\ncnn\ncnn_yolo\ncnn_yolo\x64\debug\embed.obj
f:\vscode\ncnn\ncnn_yolo\ncnn_yolo\x64\debug\exp.obj
f:\vscode\ncnn\ncnn_yolo\ncnn_yolo\x64\debug\expanddims.obj
f:\vscode\ncnn\ncnn_yolo\ncnn_yolo\x64\debug\flatten.obj
f:\vscode\ncnn\ncnn_yolo\ncnn_yolo\x64\debug\innerproduct.obj
f:\vscode\ncnn\ncnn_yolo\ncnn_yolo\x64\debug\input.obj
f:\vscode\ncnn\ncnn_yolo\ncnn_yolo\x64\debug\instancenorm.obj
f:\vscode\ncnn\ncnn_yolo\ncnn_yolo\x64\debug\interp.obj
f:\vscode\ncnn\ncnn_yolo\ncnn_yolo\x64\debug\log.obj
f:\vscode\ncnn\ncnn_yolo\ncnn_yolo\x64\debug\lrn.obj
f:\vscode\ncnn\ncnn_yolo\ncnn_yolo\x64\debug\lstm.obj
f:\vscode\ncnn\ncnn_yolo\ncnn_yolo\x64\debug\memorydata.obj
f:\vscode\ncnn\ncnn_yolo\ncnn_yolo\x64\debug\allocator.obj
f:\vscode\ncnn\ncnn_yolo\ncnn_yolo\x64\debug\benchmark.obj
f:\vscode\ncnn\ncnn_yolo\ncnn_yolo\x64\debug\blob.obj
f:\vscode\ncnn\ncnn_yolo\ncnn_yolo\x64\debug\cpu.obj
f:\vscode\ncnn\ncnn_yolo\ncnn_yolo\x64\debug\layer.obj
f:\vscode\ncnn\ncnn_yolo\ncnn_yolo\x64\debug\absval.obj
f:\vscode\ncnn\ncnn_yolo\ncnn_yolo\x64\debug\argmax.obj
f:\vscode\ncnn\ncnn_yolo\ncnn_yolo\x64\debug\batchnorm.obj
f:\vscode\ncnn\ncnn_yolo\ncnn_yolo\x64\debug\bias.obj
f:\vscode\ncnn\ncnn_yolo\ncnn_yolo\x64\debug\binaryop.obj
f:\vscode\ncnn\ncnn_yolo\ncnn_yolo\x64\debug\bnll.obj
f:\vscode\ncnn\ncnn_yolo\ncnn_yolo\x64\debug\clip.obj
f:\vscode\ncnn\ncnn_yolo\ncnn_yolo\x64\debug\concat.obj
f:\vscode\ncnn\ncnn_yolo\ncnn_yolo\x64\debug\convolution.obj
f:\vscode\ncnn\ncnn_yolo\ncnn_yolo\x64\debug\convolutiondepthwise.obj
f:\vscode\ncnn\ncnn_yolo\x64\debug\dlib.ilk
f:\vscode\ncnn\ncnn_yolo\x64\debug\dlib.exe
f:\vscode\ncnn\ncnn_yolo\x64\debug\dlib.pdb
f:\vscode\ncnn\ncnn_yolo\ncnn_yolo\x64\debug\ncnn_yolo.tlog\cl.command.1.tlog
f:\vscode\ncnn\ncnn_yolo\ncnn_yolo\x64\debug\ncnn_yolo.tlog\cl.read.1.tlog
f:\vscode\ncnn\ncnn_yolo\ncnn_yolo\x64\debug\ncnn_yolo.tlog\cl.write.1.tlog
f:\vscode\ncnn\ncnn_yolo\ncnn_yolo\x64\debug\ncnn_yolo.tlog\link.command.1.tlog
f:\vscode\ncnn\ncnn_yolo\ncnn_yolo\x64\debug\ncnn_yolo.tlog\link.read.1.tlog
f:\vscode\ncnn\ncnn_yolo\ncnn_yolo\x64\debug\ncnn_yolo.tlog\link.write.1.tlog
