生成启动时间为 2018/12/19 16:54:18。
     1>项目“F:\vscode\ncnn\ncnn_yolo\ncnn_yolo\ncnn_yolo.vcxproj”在节点 2 上(Build 个目标)。
     1>ClCompile:
         E:\soft\vs2013\VC\bin\x86_amd64\CL.exe /c /I"E:\soft\dlib-18.17\dlib\external\libjpeg" /I"E:\soft\dlib-18.17\dlib\external\libpng" /I"E:\soft\dlib-18.17\dlib\external\zlib" /Zi /nologo /W3 /WX- /sdl /Od /D WIN32 /D _DEBUG /D _CONSOLE /D _LIB /D _CRT_SECURE_NO_WARNINGS /D DLIB_PNG_SUPPORT /D DLIB_JPEG_SUPPORT /D _UNICODE /D UNICODE /Gm /EHsc /RTC1 /MDd /GS /fp:precise /Zc:wchar_t /Zc:forScope /Fo"x64\Debug\\" /Fd"x64\Debug\vc120.pdb" /Gd /TP /errorReport:prompt yolov3.cpp
         yolov3.cpp
     1>f:\vscode\ncnn\ncnn_yolo\ncnn_yolo\src\mat.h(292): warning C4267: “初始化”: 从“size_t”转换到“int”，可能丢失数据
     1>f:\vscode\ncnn\ncnn_yolo\ncnn_yolo\src\mat.h(346): warning C4267: “初始化”: 从“size_t”转换到“int”，可能丢失数据
     1>yolov3.cpp(77): warning C4244: “=”: 从“const float”转换到“int”，可能丢失数据
     1>yolov3.cpp(119): warning C4244: “初始化”: 从“const float”转换到“int”，可能丢失数据
     1>yolov3.cpp(120): warning C4244: “初始化”: 从“const float”转换到“int”，可能丢失数据
       Link:
         E:\soft\vs2013\VC\bin\x86_amd64\link.exe /ERRORREPORT:PROMPT /OUT:"F:\vscode\ncnn\ncnn_yolo\x64\Debug\dlib.exe" /INCREMENTAL /NOLOGO /LIBPATH:E:\soft\dlib1\Debug opencv_calib3d249d.lib opencv_contrib249d.lib opencv_core249d.lib opencv_features2d249d.lib opencv_flann249d.lib opencv_gpu249d.lib opencv_highgui249d.lib opencv_imgproc249d.lib opencv_legacy249d.lib opencv_ml249d.lib opencv_nonfree249d.lib opencv_objdetect249d.lib opencv_ocl249d.lib opencv_photo249d.lib opencv_stitching249d.lib opencv_superres249d.lib opencv_ts249d.lib opencv_video249d.lib opencv_videostab249d.lib dlib.lib kernel32.lib user32.lib gdi32.lib winspool.lib comdlg32.lib advapi32.lib shell32.lib ole32.lib oleaut32.lib uuid.lib odbc32.lib odbccp32.lib /MANIFEST /MANIFESTUAC:"level='asInvoker' uiAccess='false'" /manifest:embed /DEBUG /PDB:"F:\vscode\ncnn\ncnn_yolo\x64\Debug\dlib.pdb" /SUBSYSTEM:CONSOLE /TLBID:1 /DYNAMICBASE /NXCOMPAT /IMPLIB:"F:\vscode\ncnn\ncnn_yolo\x64\Debug\dlib.lib" /MACHINE:X64 x64\Debug\allocator.obj
         x64\Debug\benchmark.obj
         x64\Debug\blob.obj
         x64\Debug\cpu.obj
         x64\Debug\layer.obj
         x64\Debug\absval.obj
         x64\Debug\argmax.obj
         x64\Debug\batchnorm.obj
         x64\Debug\bias.obj
         x64\Debug\binaryop.obj
         x64\Debug\bnll.obj
         x64\Debug\clip.obj
         x64\Debug\concat.obj
         x64\Debug\convolution.obj
         x64\Debug\convolutiondepthwise.obj
         x64\Debug\crop.obj
         x64\Debug\deconvolution.obj
         x64\Debug\deconvolutiondepthwise.obj
         x64\Debug\dequantize.obj
         x64\Debug\detectionoutput.obj
         x64\Debug\dropout.obj
         x64\Debug\eltwise.obj
         x64\Debug\elu.obj
         x64\Debug\embed.obj
         x64\Debug\exp.obj
         x64\Debug\expanddims.obj
         x64\Debug\flatten.obj
         x64\Debug\innerproduct.obj
         x64\Debug\input.obj
         x64\Debug\instancenorm.obj
         x64\Debug\interp.obj
         x64\Debug\log.obj
         x64\Debug\lrn.obj
         x64\Debug\lstm.obj
         x64\Debug\memorydata.obj
         x64\Debug\mvn.obj
         x64\Debug\normalize.obj
         x64\Debug\padding.obj
         x64\Debug\permute.obj
         x64\Debug\pooling.obj
         x64\Debug\power.obj
         x64\Debug\prelu.obj
         x64\Debug\priorbox.obj
         x64\Debug\proposal.obj
         x64\Debug\psroipooling.obj
         x64\Debug\quantize.obj
         x64\Debug\reduction.obj
         x64\Debug\relu.obj
         x64\Debug\reorg.obj
         x64\Debug\reshape.obj
         x64\Debug\rnn.obj
         x64\Debug\roialign.obj
         x64\Debug\roipooling.obj
         x64\Debug\scale.obj
         x64\Debug\shufflechannel.obj
         x64\Debug\sigmoid.obj
         x64\Debug\slice.obj
         x64\Debug\softmax.obj
         x64\Debug\split.obj
         x64\Debug\spp.obj
         x64\Debug\squeeze.obj
         x64\Debug\tanh.obj
         x64\Debug\threshold.obj
         x64\Debug\tile.obj
         x64\Debug\unaryop.obj
         x64\Debug\yolodetectionoutput.obj
         x64\Debug\yolov3detectionoutput.obj
         x64\Debug\mat.obj
         x64\Debug\mat_pixel.obj
         x64\Debug\mat_pixel_resize.obj
         x64\Debug\modelbin.obj
         x64\Debug\net.obj
         x64\Debug\opencv.obj
         x64\Debug\paramdict.obj
         x64\Debug\yolov3.obj
         ncnn_yolo.vcxproj -> F:\vscode\ncnn\ncnn_yolo\x64\Debug\dlib.exe
     1>已完成生成项目“F:\vscode\ncnn\ncnn_yolo\ncnn_yolo\ncnn_yolo.vcxproj”(Build 个目标)的操作。

生成成功。

已用时间 00:00:02.26
